<?xml version="1.0" encoding="UTF-8"?>
<!-- Generated by org.testng.reporters.JUnitReportReporter -->
<testsuite hostname="Jyothsna" failures="0" tests="1" name="capstoneproject.CapstoneClass3" time="23.674" errors="0" timestamp="2024-12-27T12:02:29 IST" skipped="0">
  <testcase classname="capstoneproject.CapstoneClass3" name="dataRead" time="23.674"/>
  <system-out/>
</testsuite> <!-- capstoneproject.CapstoneClass3 -->
