<?xml version="1.0" encoding="UTF-8"?>
<!-- Generated by org.testng.reporters.JUnitReportReporter -->
<testsuite hostname="Jyothsna" failures="0" tests="3" name="program.NewClass" time="8.604" errors="0" timestamp="2024-12-25T19:38:36 IST" skipped="0">
  <testcase classname="program.NewClass" name="ts2" time="2.710"/>
  <system-out/>
  <testcase classname="program.NewClass" name="ts1" time="2.275"/>
  <system-out/>
  <testcase classname="program.NewClass" name="ts3" time="3.619"/>
  <system-out/>
</testsuite> <!-- program.NewClass -->
