<?xml version="1.0" encoding="UTF-8"?>
<!-- Generated by org.testng.reporters.JUnitReportReporter -->
<testsuite hostname="Jyothsna" failures="0" tests="1" name="capstoneproject.CapstoneClass5" time="8.607" errors="0" timestamp="2024-12-27T12:02:29 IST" skipped="0">
  <testcase classname="capstoneproject.CapstoneClass5" name="bugTrack" time="8.607"/>
  <system-out/>
</testsuite> <!-- capstoneproject.CapstoneClass5 -->
