<?xml version="1.0" encoding="UTF-8"?>
<!-- Generated by org.testng.reporters.JUnitReportReporter -->
<testsuite hostname="Jyothsna" failures="0" tests="1" name="capstoneproject.CapstoneClass4" time="5.643" errors="0" timestamp="2024-12-27T12:02:29 IST" skipped="0">
  <testcase classname="capstoneproject.CapstoneClass4" name="verifyLink" time="5.643"/>
  <system-out/>
</testsuite> <!-- capstoneproject.CapstoneClass4 -->
