<?xml version="1.0" encoding="UTF-8"?>
<!-- Generated by org.testng.reporters.JUnitReportReporter -->
<testsuite hostname="Jyothsna" failures="0" tests="1" name="program.NewClass2" time="45.305" errors="0" timestamp="2024-12-25T20:18:42 IST" skipped="0">
  <testcase classname="program.NewClass2" name="dataRead" time="45.305"/>
  <system-out/>
</testsuite> <!-- program.NewClass2 -->
