<?xml version="1.0" encoding="UTF-8"?>
<!-- Generated by org.testng.reporters.JUnitReportReporter -->
<testsuite hostname="Jyothsna" failures="0" tests="3" name="capstoneproject.CapstoneClass1" time="15.382" errors="0" timestamp="2024-12-27T12:02:29 IST" skipped="0">
  <testcase classname="capstoneproject.CapstoneClass1" name="ts1" time="4.693"/>
  <system-out/>
  <testcase classname="capstoneproject.CapstoneClass1" name="ts2" time="4.694"/>
  <system-out/>
  <testcase classname="capstoneproject.CapstoneClass1" name="ts3" time="5.995"/>
  <system-out/>
</testsuite> <!-- capstoneproject.CapstoneClass1 -->
