<?xml version="1.0" encoding="UTF-8"?>
<!-- Generated by org.testng.reporters.JUnitReportReporter -->
<testsuite hostname="Jyothsna" failures="0" tests="3" name="capstoneproject.CapstoneClass2" time="0.106" errors="0" timestamp="2024-12-27T12:02:29 IST" skipped="0">
  <testcase classname="capstoneproject.CapstoneClass2" name="ts1" time="0.024"/>
  <system-out/>
  <testcase classname="capstoneproject.CapstoneClass2" name="ts2" time="0.033"/>
  <system-out/>
  <testcase classname="capstoneproject.CapstoneClass2" name="ts3" time="0.049"/>
  <system-out/>
</testsuite> <!-- capstoneproject.CapstoneClass2 -->
